<?xml version="1.0" encoding="UTF-8"?>
<!-- Generated by org.testng.reporters.JUnitXMLReporter -->
<testsuite hostname="DESKTOP-7MOHEMN" ignored="1" name="Test" tests="2" failures="0" timestamp="28 Aug 2018 06:16:02 GMT" time="0.046" errors="0">
  <testcase name="calls" time="0.015" classname="dummy.Upload"/>
  <testcase name="staus" time="0.0" classname="dummy.Upload"/>
  <testcase name="chats" time="0.0" classname="dummy.Upload">
    <ignored/>
  </testcase> <!-- chats -->
</testsuite> <!-- Test -->
